<?xml version="1.0" encoding="UTF-8"?>
<!-- Generated by org.testng.reporters.JUnitReportReporter -->
<testsuite hostname="DCCPL0634" failures="0" tests="1" name="seleniumConcepts.ecommerseSite.AddToCartTest" time="7.399" errors="0" timestamp="17 Dec 2024 08:39:20 GMT" skipped="0">
  <testcase classname="seleniumConcepts.ecommerseSite.AddToCartTest" name="codepenAppTest" time="7.399"/>
</testsuite> <!-- seleniumConcepts.ecommerseSite.AddToCartTest -->
