<?xml version="1.0" encoding="UTF-8"?>
<!-- Generated by org.testng.reporters.JUnitReportReporter -->
<testsuite hostname="DCCPL0634" failures="0" tests="1" name="seleniumConcepts.dynamicWebTable.DynamicTableAssignment" time="6.891" errors="0" timestamp="17 Dec 2024 08:36:48 GMT" skipped="0">
  <testcase classname="seleniumConcepts.dynamicWebTable.DynamicTableAssignment" name="dynamicWebTableTest" time="6.891"/>
</testsuite> <!-- seleniumConcepts.dynamicWebTable.DynamicTableAssignment -->
