<?xml version="1.0" encoding="UTF-8"?>
<!-- Generated by org.testng.reporters.JUnitReportReporter -->
<testsuite hostname="DESKTOP-QNMN576" failures="0" tests="1" name="seleniumScripts.seleniumScripts.OrderCompleteTest" time="32.352" errors="0" timestamp="2022-09-01T18:09:17 IST" skipped="0">
  <testcase classname="seleniumScripts.seleniumScripts.OrderCompleteTest" name="endToEndTest" time="32.352"/>
  <system-out/>
</testsuite> <!-- seleniumScripts.seleniumScripts.OrderCompleteTest -->
