<?xml version="1.0" encoding="UTF-8"?>
<!-- Generated by org.testng.reporters.JUnitReportReporter -->
<testsuite hostname="DCCPL0634" failures="0" tests="1" name="seleniumConcepts.ajaxCallsChildWindowsIFrame.AutoSuggestiveDropDown" time="8.067" errors="0" timestamp="17 Dec 2024 08:34:20 GMT" skipped="0">
  <testcase classname="seleniumConcepts.ajaxCallsChildWindowsIFrame.AutoSuggestiveDropDown" name="AutoSuggestiveDropDownTest" time="8.067"/>
</testsuite> <!-- seleniumConcepts.ajaxCallsChildWindowsIFrame.AutoSuggestiveDropDown -->
