<?xml version="1.0" encoding="UTF-8"?>
<!-- Generated by org.testng.reporters.JUnitReportReporter -->
<testsuite hostname="DCCPL0634" failures="0" tests="1" name="seleniumConcepts.miscellaneousTopics.Calendar2" time="6.896" errors="0" timestamp="17 Dec 2024 09:13:55 GMT" skipped="0">
  <testcase classname="seleniumConcepts.miscellaneousTopics.Calendar2" name="clanedarDatePicker" time="6.896"/>
</testsuite> <!-- seleniumConcepts.miscellaneousTopics.Calendar2 -->
