<?xml version="1.0" encoding="UTF-8"?>
<!-- Generated by org.testng.reporters.JUnitReportReporter -->
<testsuite hostname="DESKTOP-QNMN576" failures="0" tests="1" name="seleniumScripts.seleniumScripts.OrderCompleteTest" time="18.638" errors="0" timestamp="2022-08-30T20:02:50 IST" skipped="0">
  <testcase classname="seleniumScripts.seleniumScripts.OrderCompleteTest" name="endToEndTest" time="18.638"/>
  <system-out/>
</testsuite> <!-- seleniumScripts.seleniumScripts.OrderCompleteTest -->
