<?xml version="1.0" encoding="UTF-8"?>
<!-- Generated by org.testng.reporters.JUnitReportReporter -->
<testsuite hostname="DCCPL0634" failures="0" tests="1" name="seleniumConcepts.miscellaneousTopics.ColorCodeVerification" time="2.652" errors="0" timestamp="17 Dec 2024 10:28:22 GMT" skipped="0">
  <testcase classname="seleniumConcepts.miscellaneousTopics.ColorCodeVerification" name="verifyButtonColorTest" time="2.652"/>
</testsuite> <!-- seleniumConcepts.miscellaneousTopics.ColorCodeVerification -->
