<?xml version="1.0" encoding="UTF-8"?>
<!-- Generated by org.testng.reporters.JUnitReportReporter -->
<testsuite hostname="DCCPL0634" failures="0" tests="1" name="seleniumConcepts.dynamicWebTable.HandleDynamicWebTable" time="10.238" errors="0" timestamp="17 Dec 2024 08:37:44 GMT" skipped="0">
  <testcase classname="seleniumConcepts.dynamicWebTable.HandleDynamicWebTable" name="dynamicWebTableTest" time="10.238"/>
</testsuite> <!-- seleniumConcepts.dynamicWebTable.HandleDynamicWebTable -->
