<?xml version="1.0" encoding="UTF-8"?>
<!-- Generated by org.testng.reporters.JUnitReportReporter -->
<testsuite hostname="DCCPL0634" failures="0" tests="1" name="seleniumConcepts.miscellaneousTopics.Calendar" time="9.908" errors="0" timestamp="17 Dec 2024 09:04:22 GMT" skipped="0">
  <testcase classname="seleniumConcepts.miscellaneousTopics.Calendar" name="clanedarDatePicker" time="9.908"/>
</testsuite> <!-- seleniumConcepts.miscellaneousTopics.Calendar -->
