<?xml version="1.0" encoding="UTF-8"?>
<!-- Generated by org.testng.reporters.JUnitReportReporter -->
<testsuite hostname="DCCPL0634" failures="0" tests="1" name="seleniumConcepts.dynamicWebTable.JavaScriotExecutorConcept" time="10.855" errors="0" timestamp="17 Dec 2024 08:38:27 GMT" skipped="0">
  <testcase classname="seleniumConcepts.dynamicWebTable.JavaScriotExecutorConcept" name="dynamicWebTableTest" time="10.855"/>
</testsuite> <!-- seleniumConcepts.dynamicWebTable.JavaScriotExecutorConcept -->
