<?xml version="1.0" encoding="UTF-8"?>
<!-- Generated by org.testng.reporters.JUnitReportReporter -->
<testsuite hostname="DCCPL0634" failures="0" tests="1" name="seleniumConcepts.miscellaneousTopics.TooltipTest2" time="4.650" errors="0" timestamp="17 Dec 2024 08:49:52 GMT" skipped="0">
  <testcase classname="seleniumConcepts.miscellaneousTopics.TooltipTest2" name="verifyTooltipTest" time="4.650"/>
</testsuite> <!-- seleniumConcepts.miscellaneousTopics.TooltipTest2 -->
