<?xml version="1.0" encoding="UTF-8"?>
<!-- Generated by org.testng.reporters.JUnitReportReporter -->
<testsuite hostname="DCCPL0634" failures="0" tests="1" name="seleniumConcepts.ajaxCallsChildWindowsIFrame.actionDemo" time="4.556" errors="0" timestamp="17 Dec 2024 08:32:38 GMT" skipped="0">
  <testcase classname="seleniumConcepts.ajaxCallsChildWindowsIFrame.actionDemo" name="amazonTest" time="4.556"/>
</testsuite> <!-- seleniumConcepts.ajaxCallsChildWindowsIFrame.actionDemo -->
